<?xml version="1.0" encoding="UTF-8"?>
<!-- Generated by org.testng.reporters.JUnitReportReporter -->
<testsuite hostname="DESKTOP-QJRQ0C9" failures="0" tests="2" name="BasicAnnotation.ParallelTests" time="4.981" errors="0" timestamp="2022-09-28T12:38:43 IST" skipped="0">
  <testcase classname="BasicAnnotation.ParallelTests" name="LaunchChrome" time="4.739"/>
  <system-out/>
  <testcase classname="BasicAnnotation.ParallelTests" name="TryFacebook1" time="0.242"/>
  <system-out/>
</testsuite> <!-- BasicAnnotation.ParallelTests -->
