<?xml version="1.0" encoding="UTF-8"?>
<!-- Generated by org.testng.reporters.JUnitReportReporter -->
<testsuite hostname="DESKTOP-QJRQ0C9" failures="0" tests="1" name="AnnotationExample.SampleTest" time="0.007" errors="0" timestamp="2022-09-28T09:59:14 IST" skipped="0">
  <testcase classname="AnnotationExample.SampleTest" name="testmethod" time="0.007"/>
  <system-out/>
</testsuite> <!-- AnnotationExample.SampleTest -->
