<?xml version="1.0" encoding="UTF-8"?>
<!-- Generated by org.testng.reporters.JUnitReportReporter -->
<testsuite hostname="DESKTOP-QJRQ0C9" failures="0" tests="1" name="com.NewTest1" time="3.108" errors="0" timestamp="2022-09-26T22:51:49 IST" skipped="0">
  <testcase classname="com.NewTest1" name="f" time="3.108"/>
  <system-out/>
</testsuite> <!-- com.NewTest1 -->
