<?xml version="1.0" encoding="UTF-8"?>
<!-- Generated by org.testng.reporters.JUnitReportReporter -->
<testsuite hostname="DESKTOP-QJRQ0C9" failures="0" tests="4" name="AnnotationExample.DataProviderTest" time="0.008" errors="0" timestamp="2022-09-28T10:13:35 IST" skipped="0">
  <testcase classname="AnnotationExample.DataProviderTest" name="testMethodOne" time="0.001"/>
  <system-out/>
  <testcase classname="AnnotationExample.DataProviderTest" name="testMethodTwo" time="0.001"/>
  <system-out/>
  <testcase classname="AnnotationExample.DataProviderTest" name="testMethodOne" time="0.005"/>
  <system-out/>
  <testcase classname="AnnotationExample.DataProviderTest" name="testMethodTwo" time="0.001"/>
  <system-out/>
</testsuite> <!-- AnnotationExample.DataProviderTest -->
