<?xml version="1.0" encoding="UTF-8"?>
<!-- Generated by org.testng.reporters.JUnitReportReporter -->
<testsuite hostname="DESKTOP-QJRQ0C9" failures="0" tests="2" name="BasicAnnotation.TestAnnotationBeforeGroups" time="0.006" errors="0" timestamp="2022-09-28T11:47:51 IST" skipped="0">
  <testcase classname="BasicAnnotation.TestAnnotationBeforeGroups" name="testMethod" time="0.006"/>
  <system-out/>
  <testcase classname="BasicAnnotation.TestAnnotationBeforeGroups" name="testMethod1" time="0.000"/>
  <system-out/>
</testsuite> <!-- BasicAnnotation.TestAnnotationBeforeGroups -->
