<?xml version="1.0" encoding="UTF-8"?>
<!-- Generated by org.testng.reporters.JUnitReportReporter -->
<testsuite hostname="DESKTOP-QJRQ0C9" failures="0" tests="2" name="BasicAnnotation.TestAnnotation" time="0.007" errors="0" timestamp="2022-09-28T11:27:53 IST" skipped="0">
  <testcase classname="BasicAnnotation.TestAnnotation" name="Test2" time="0.000"/>
  <system-out/>
  <testcase classname="BasicAnnotation.TestAnnotation" name="Test1" time="0.007"/>
  <system-out/>
</testsuite> <!-- BasicAnnotation.TestAnnotation -->
