<?xml version="1.0" encoding="UTF-8"?>
<!-- Generated by org.testng.reporters.JUnitReportReporter -->
<testsuite hostname="DESKTOP-QJRQ0C9" failures="0" tests="1" name="BasicAnnotation.NewTest" time="0.005" errors="0" timestamp="2022-09-28T11:54:25 IST" skipped="0">
  <testcase classname="BasicAnnotation.NewTest" name="testMethod" time="0.005"/>
  <system-out/>
</testsuite> <!-- BasicAnnotation.NewTest -->
