<?xml version="1.0" encoding="UTF-8"?>
<!-- Generated by org.testng.reporters.JUnitReportReporter -->
<testsuite hostname="DESKTOP-QJRQ0C9" failures="0" tests="1" name="com.ScreenShot" time="13.175" errors="0" timestamp="2022-09-27T10:53:59 IST" skipped="0">
  <testcase classname="com.ScreenShot" name="f" time="13.175"/>
  <system-out/>
</testsuite> <!-- com.ScreenShot -->
