<?xml version="1.0" encoding="UTF-8"?>
<!-- Generated by org.testng.reporters.JUnitReportReporter -->
<testsuite hostname="DESKTOP-QJRQ0C9" failures="0" tests="2" name="BasicAnnotation.TestAnnotationBeforeGroup" time="0.006" errors="0" timestamp="2022-09-28T11:59:50 IST" skipped="0">
  <testcase classname="BasicAnnotation.TestAnnotationBeforeGroup" name="testMethod1" time="0.001"/>
  <system-out/>
  <testcase classname="BasicAnnotation.TestAnnotationBeforeGroup" name="testMethod" time="0.005"/>
  <system-out/>
</testsuite> <!-- BasicAnnotation.TestAnnotationBeforeGroup -->
