<?xml version="1.0" encoding="UTF-8"?>
<!-- Generated by org.testng.reporters.JUnitReportReporter -->
<testsuite hostname="LAPTOP-N78QAFPD" failures="0" tests="2" name="AutomateEcommerce.AutomateFlipkart" time="109.889" errors="0" timestamp="2022-10-11T13:30:44 IST" skipped="0">
  <testcase classname="AutomateEcommerce.AutomateFlipkart" name="LaunchFirefox" time="65.533"/>
  <system-out/>
  <testcase classname="AutomateEcommerce.AutomateFlipkart" name="f" time="44.356"/>
  <system-out/>
</testsuite> <!-- AutomateEcommerce.AutomateFlipkart -->
