<?xml version="1.0" encoding="UTF-8"?>
<!-- Generated by org.testng.reporters.JUnitReportReporter -->
<testsuite hostname="DESKTOP-QJRQ0C9" failures="0" tests="1" name="com.NewTest2" time="5.065" errors="0" timestamp="2022-09-26T22:53:26 IST" skipped="0">
  <testcase classname="com.NewTest2" name="f" time="5.065"/>
  <system-out/>
</testsuite> <!-- com.NewTest2 -->
