<?xml version="1.0" encoding="UTF-8"?>
<!-- Generated by org.testng.reporters.JUnitReportReporter -->
<testsuite hostname="DESKTOP-QJRQ0C9" failures="0" tests="1" name="com.XpathExample" time="4.285" errors="0" timestamp="2022-09-27T11:47:13 IST" skipped="0">
  <testcase classname="com.XpathExample" name="f" time="4.285"/>
  <system-out/>
</testsuite> <!-- com.XpathExample -->
