<?xml version="1.0" encoding="UTF-8"?>
<!-- Generated by org.testng.reporters.JUnitReportReporter -->
<testsuite hostname="DESKTOP-QJRQ0C9" failures="0" tests="2" name="BasicAnnotation.ParallelTestWithMultiThread" time="19.058" errors="0" timestamp="2022-09-28T13:07:43 IST" skipped="0">
  <testcase classname="BasicAnnotation.ParallelTestWithMultiThread" name="testOnChromeWithBrowserStackUrl" time="2.995"/>
  <system-out/>
  <testcase classname="BasicAnnotation.ParallelTestWithMultiThread" name="testOnChromeWithBrowserStackSignUp" time="16.063"/>
  <system-out/>
</testsuite> <!-- BasicAnnotation.ParallelTestWithMultiThread -->
