<?xml version="1.0" encoding="UTF-8"?>
<!-- Generated by org.testng.reporters.JUnitReportReporter -->
<testsuite hostname="DESKTOP-QJRQ0C9" failures="0" tests="1" name="com.NewTest4" time="4.268" errors="0" timestamp="2022-09-26T23:00:59 IST" skipped="0">
  <testcase classname="com.NewTest4" name="f" time="4.268"/>
  <system-out/>
</testsuite> <!-- com.NewTest4 -->
