<?xml version="1.0" encoding="UTF-8"?>
<!-- Generated by org.testng.reporters.JUnitReportReporter -->
<testsuite hostname="DESKTOP-QJRQ0C9" failures="0" tests="1" name="com.NewTest3" time="19.125" errors="0" timestamp="2022-09-26T22:58:08 IST" skipped="0">
  <testcase classname="com.NewTest3" name="f" time="19.125"/>
  <system-out/>
</testsuite> <!-- com.NewTest3 -->
