<?xml version="1.0" encoding="UTF-8"?>
<!-- Generated by org.testng.reporters.JUnitReportReporter -->
<testsuite hostname="DESKTOP-QJRQ0C9" failures="0" tests="1" name="AnnotationExample.TestDetails2" time="0.005" errors="0" timestamp="2022-09-28T09:58:04 IST" skipped="0">
  <testcase classname="AnnotationExample.TestDetails2" name="testmethod" time="0.005"/>
  <system-out/>
</testsuite> <!-- AnnotationExample.TestDetails2 -->
