<?xml version="1.0" encoding="UTF-8"?>
<!-- Generated by org.testng.reporters.JUnitReportReporter -->
<testsuite hostname="DESKTOP-QJRQ0C9" failures="0" tests="1" name="com.NewTest5" time="2.460" errors="0" timestamp="2022-09-26T23:03:13 IST" skipped="0">
  <testcase classname="com.NewTest5" name="f" time="2.460"/>
  <system-out/>
</testsuite> <!-- com.NewTest5 -->
