<?xml version="1.0" encoding="UTF-8"?>
<!-- Generated by org.testng.reporters.JUnitReportReporter -->
<testsuite hostname="DESKTOP-QJRQ0C9" failures="0" tests="1" name="AnnotationExample.ParameterAnnotation" time="0.008" errors="0" timestamp="2022-09-28T10:41:38 IST" skipped="0">
  <testcase classname="AnnotationExample.ParameterAnnotation" name="Sum" time="0.008"/>
  <system-out/>
</testsuite> <!-- AnnotationExample.ParameterAnnotation -->
